<?xml version="1.0" encoding="UTF-8"?>
<!-- Generated by org.testng.reporters.JUnitReportReporter -->
<testsuite hostname="BGSNIKMS3402" failures="0" tests="1" name="Lecture17.DownloadTests" time="4.302" errors="0" timestamp="2023-12-11T14:41:30 EET" skipped="0">
  <testcase classname="Lecture17.DownloadTests" name="testDownload" time="4.302"/>
  <system-out/>
</testsuite> <!-- Lecture17.DownloadTests -->
