<?xml version="1.0" encoding="UTF-8"?>
<!-- Generated by org.testng.reporters.JUnitReportReporter -->
<testsuite hostname="BGSNIKMS3402" failures="0" tests="1" name="Lecture17.PageObjectScrFile" time="5.207" errors="0" timestamp="2023-12-11T14:46:15 EET" skipped="0">
  <testcase classname="Lecture17.PageObjectScrFile" name="testLoginWithWaits" time="5.207"/>
  <system-out/>
</testsuite> <!-- Lecture17.PageObjectScrFile -->
